<?xml version="1.0" encoding="UTF-8"?>
<!-- Generated by org.testng.reporters.JUnitXMLReporter -->
<testsuite ignored="0" hostname="DESKTOP-346RFLV" failures="0" tests="6" name="Test" time="0.112" errors="0" timestamp="2021-11-17T15:39:58 EST">
  <testcase classname="ui.LoginTest" name="bTest1" time="0.007"/>
  <testcase classname="ui.LoginTest" name="aTest2" time="0.012"/>
  <testcase classname="ui.GroupsDemoTest" name="cTest3" time="0.004"/>
  <testcase classname="ui.GroupsDemoTest" name="dTest4" time="0.002"/>
  <testcase classname="ui.GroupsDemoTest" name="aTest1" time="0.002"/>
  <testcase classname="ui.GroupsDemoTest" name="bTest2" time="0.002"/>
</testsuite> <!-- Test -->
