<?xml version="1.0" encoding="UTF-8"?>
<!-- Generated by org.testng.reporters.JUnitXMLReporter -->
<testsuite ignored="2" hostname="DESKTOP-346RFLV" failures="0" tests="4" name="Regression" time="0.081" errors="0" timestamp="2021-11-17T16:14:25 EST">
  <testcase classname="ui.LoginTest" name="bTest1" time="0.011"/>
  <testcase classname="ui.GroupsDemoTest" name="cTest3" time="0.002"/>
  <testcase classname="ui.GroupsDemoTest" name="aTest1" time="0.002"/>
  <testcase classname="ui.GroupsDemoTest" name="bTest2" time="0.002"/>
  <testcase classname="ui.LoginTest" name="aTest2" time="0.0">
    <ignored/>
  </testcase> <!-- aTest2 -->
  <testcase classname="ui.GroupsDemoTest" name="dTest4" time="0.0">
    <ignored/>
  </testcase> <!-- dTest4 -->
</testsuite> <!-- Regression -->
