<?xml version="1.0" encoding="UTF-8"?>
<!-- Generated by org.testng.reporters.JUnitXMLReporter -->
<testsuite ignored="0" hostname="DESKTOP-346RFLV" failures="0" tests="4" name="Reporter Testing" time="0.159" errors="0" timestamp="2021-11-30T12:04:43 EST">
  <testcase classname="common.BaseTest" name="@BeforeSuite LaunchBrowser" time="0.05">
    <failure type="java.lang.ExceptionInInitializerError">
      <![CDATA[java.lang.ExceptionInInitializerError
at io.github.bonigarcia.wdm.config.Config.defaultOsName(Config.java:346)
at io.github.bonigarcia.wdm.config.Config.<init>(Config.java:103)
at io.github.bonigarcia.wdm.WebDriverManager.<init>(WebDriverManager.java:189)
at io.github.bonigarcia.wdm.managers.ChromeDriverManager.<init>(ChromeDriverManager.java:47)
at io.github.bonigarcia.wdm.WebDriverManager.chromedriver(WebDriverManager.java:204)
at common.BaseTest.LaunchBrowser(BaseTest.java:18)
Caused by: java.lang.StringIndexOutOfBoundsException: begin 0, end 3, length 2
at java.base/java.lang.String.checkBoundsBeginEnd(String.java:4601)
at java.base/java.lang.String.substring(String.java:2704)
at org.apache.commons.lang.SystemUtils.getJavaVersionAsFloat(SystemUtils.java:1113)
at org.apache.commons.lang.SystemUtils.<clinit>(SystemUtils.java:817)
... 25 more
... Removed 19 stack frames]]>
    </failure>
  </testcase> <!-- @BeforeSuite LaunchBrowser -->
  <testcase classname="ui.ReportersTest" name="reporterTest1" time="0.0">
    <skipped/>
  </testcase> <!-- reporterTest1 -->
  <testcase classname="ui.ReportersTest" name="reporterTest2" time="0.0">
    <skipped/>
  </testcase> <!-- reporterTest2 -->
  <testcase classname="ui.ReportersTest" name="reporterTest3" time="0.0">
    <skipped/>
  </testcase> <!-- reporterTest3 -->
  <testcase classname="ui.ReportersTest" name="reporterTest4" time="0.0">
    <skipped/>
  </testcase> <!-- reporterTest4 -->
</testsuite> <!-- Reporter Testing -->
