<?xml version="1.0" encoding="UTF-8"?>
<!-- Generated by org.testng.reporters.JUnitXMLReporter -->
<testsuite ignored="2" hostname="DESKTOP-346RFLV" failures="0" tests="2" name="GRP-bvt" time="0.075" errors="0" timestamp="2021-11-16T23:20:10 EST">
  <testcase classname="ui.GroupsDemoTest" name="cTest3" time="0.012"/>
  <testcase classname="ui.GroupsDemoTest" name="dTest4" time="0.002"/>
  <testcase classname="ui.GroupsDemoTest" name="bTest2" time="0.0">
    <ignored/>
  </testcase> <!-- bTest2 -->
  <testcase classname="ui.GroupsDemoTest" name="aTest1" time="0.0">
    <ignored/>
  </testcase> <!-- aTest1 -->
</testsuite> <!-- GRP-bvt -->
