<?xml version="1.0" encoding="UTF-8"?>
<!-- Generated by org.testng.reporters.JUnitXMLReporter -->
<testsuite ignored="0" hostname="DESKTOP-346RFLV" failures="0" tests="4" name="GRP-User-Registration" time="0.085" errors="0" timestamp="2021-11-16T23:27:21 EST">
  <testcase classname="ui.GroupsDemoTest" name="cTest3" time="0.01"/>
  <testcase classname="ui.GroupsDemoTest" name="dTest4" time="0.002"/>
  <testcase classname="ui.GroupsDemoTest" name="aTest1" time="0.003"/>
  <testcase classname="ui.GroupsDemoTest" name="bTest2" time="0.001"/>
</testsuite> <!-- GRP-User-Registration -->
