<?xml version="1.0" encoding="UTF-8"?>
<!-- Generated by org.testng.reporters.JUnitXMLReporter -->
<testsuite ignored="0" hostname="DESKTOP-346RFLV" failures="2" tests="10" name="Listener Testing" time="52.354" errors="0" timestamp="2021-11-23T11:58:06 EST">
  <testcase classname="ui.ListenerDemoTest" name="LaunchApp" time="3.005">
    <skipped/>
  </testcase> <!-- LaunchApp -->
  <testcase classname="ui.ListenerDemoTest" name="LaunchApp" time="1.197">
    <skipped/>
  </testcase> <!-- LaunchApp -->
  <testcase classname="ui.ListenerDemoTest" name="LaunchApp" time="0.927">
    <skipped/>
  </testcase> <!-- LaunchApp -->
  <testcase classname="ui.ListenerDemoTest" name="LaunchApp" time="1.069">
    <skipped/>
  </testcase> <!-- LaunchApp -->
  <testcase classname="ui.ListenerDemoTest" name="LaunchApp" time="2.358">
    <failure type="java.lang.AssertionError" message="expected [true] but found [false]">
      <![CDATA[java.lang.AssertionError: expected [true] but found [false]
at ui.ListenerDemoTest.LaunchApp(ListenerDemoTest.java:14)
at java.base/java.util.ArrayList.forEach(ArrayList.java:1511)
... Removed 31 stack frames]]>
    </failure>
  </testcase> <!-- LaunchApp -->
  <testcase classname="ui.VerifyTitleAndTextTest2" name="titleTest" time="12.944">
    <skipped/>
  </testcase> <!-- titleTest -->
  <testcase classname="ui.VerifyTitleAndTextTest2" name="titleTest" time="7.656">
    <skipped/>
  </testcase> <!-- titleTest -->
  <testcase classname="ui.VerifyTitleAndTextTest2" name="titleTest" time="8.141">
    <skipped/>
  </testcase> <!-- titleTest -->
  <testcase classname="ui.VerifyTitleAndTextTest2" name="titleTest" time="7.062">
    <skipped/>
  </testcase> <!-- titleTest -->
  <testcase classname="ui.VerifyTitleAndTextTest2" name="titleTest" time="7.892">
    <failure type="java.lang.AssertionError" message="The following asserts failed:
	Title verification failed -- expected [Electronics, fty Cars, Fashion, Collectibles &amp;amp; More | eBay] but found [Electronics, Cars, Fashion, Collectibles &amp;amp; More | eBay],
	Text verification failed -- expected [xdds Search] but found [Search],
	Title verification failed -- expected [Electronics, fty Cars, Fashion, Collectibles &amp;amp; More | eBay] but found [Electronics, Cars, Fashion, Collectibles &amp;amp; More | eBay],
	Text verification failed -- expected [xdds Search] but found [Search],
	Title verification failed -- expected [Electronics, fty Cars, Fashion, Collectibles &amp;amp; More | eBay] but found [Electronics, Cars, Fashion, Collectibles &amp;amp; More | eBay],
	Text verification failed -- expected [xdds Search] but found [Search],
	Title verification failed -- expected [Electronics, fty Cars, Fashion, Collectibles &amp;amp; More | eBay] but found [Electronics, Cars, Fashion, Collectibles &amp;amp; More | eBay],
	Text verification failed -- expected [xdds Search] but found [Search],
	Title verification failed -- expected [Electronics, fty Cars, Fashion, Collectibles &amp;amp; More | eBay] but found [Electronics, Cars, Fashion, Collectibles &amp;amp; More | eBay],
	Text verification failed -- expected [xdds Search] but found [Search]">
      <![CDATA[java.lang.AssertionError: The following asserts failed:
Title verification failed -- expected [Electronics, fty Cars, Fashion, Collectibles & More | eBay] but found [Electronics, Cars, Fashion, Collectibles & More | eBay],
Text verification failed -- expected [xdds Search] but found [Search],
Title verification failed -- expected [Electronics, fty Cars, Fashion, Collectibles & More | eBay] but found [Electronics, Cars, Fashion, Collectibles & More | eBay],
Text verification failed -- expected [xdds Search] but found [Search],
Title verification failed -- expected [Electronics, fty Cars, Fashion, Collectibles & More | eBay] but found [Electronics, Cars, Fashion, Collectibles & More | eBay],
Text verification failed -- expected [xdds Search] but found [Search],
Title verification failed -- expected [Electronics, fty Cars, Fashion, Collectibles & More | eBay] but found [Electronics, Cars, Fashion, Collectibles & More | eBay],
Text verification failed -- expected [xdds Search] but found [Search],
Title verification failed -- expected [Electronics, fty Cars, Fashion, Collectibles & More | eBay] but found [Electronics, Cars, Fashion, Collectibles & More | eBay],
Text verification failed -- expected [xdds Search] but found [Search]
at ui.VerifyTitleAndTextTest2.titleTest(VerifyTitleAndTextTest2.java:38)
at java.base/java.util.ArrayList.forEach(ArrayList.java:1511)
... Removed 29 stack frames]]>
    </failure>
  </testcase> <!-- titleTest -->
</testsuite> <!-- Listener Testing -->
