<?xml version="1.0" encoding="UTF-8"?>
<!-- Generated by org.testng.reporters.JUnitXMLReporter -->
<testsuite ignored="0" hostname="DESKTOP-346RFLV" failures="0" tests="4" name="Test Before Suite After Suite" time="0.064" errors="0" timestamp="2022-10-13T12:10:39 EDT">
  <testcase classname="ui.GroupsDemoTest2" name="cTest3" time="0.002"/>
  <testcase classname="ui.GroupsDemoTest2" name="dTest4" time="0.0"/>
  <testcase classname="ui.GroupsDemoTest2" name="aTest1" time="0.022"/>
  <testcase classname="ui.GroupsDemoTest2" name="bTest2" time="0.001"/>
</testsuite> <!-- Test Before Suite After Suite -->
